mode: atomic
github.com/cacoco/smally-go/cmd/server/main.go:10.13,23.2 6 0
github.com/cacoco/smally-go/pkg/handler/handler.go:33.54,36.2 2 1
github.com/cacoco/smally-go/pkg/handler/handler.go:49.35,52.2 2 0
github.com/cacoco/smally-go/pkg/handler/handler.go:54.57,56.34 2 1
github.com/cacoco/smally-go/pkg/handler/handler.go:60.2,65.16 5 1
github.com/cacoco/smally-go/pkg/handler/handler.go:69.2,72.66 3 1
github.com/cacoco/smally-go/pkg/handler/handler.go:56.34,58.3 1 0
github.com/cacoco/smally-go/pkg/handler/handler.go:65.16,67.3 1 0
github.com/cacoco/smally-go/pkg/handler/handler.go:75.32,78.2 2 0
github.com/cacoco/smally-go/pkg/handler/handler.go:80.54,86.16 4 1
github.com/cacoco/smally-go/pkg/handler/handler.go:89.2,92.16 3 1
github.com/cacoco/smally-go/pkg/handler/handler.go:86.16,88.3 1 0
github.com/cacoco/smally-go/pkg/handler/handler.go:92.16,95.3 2 0
github.com/cacoco/smally-go/pkg/handler/handler.go:95.8,98.3 2 1
github.com/cacoco/smally-go/pkg/handler/handler.go:105.49,107.16 2 0
github.com/cacoco/smally-go/pkg/handler/handler.go:110.2,113.16 3 0
github.com/cacoco/smally-go/pkg/handler/handler.go:107.16,108.13 1 0
github.com/cacoco/smally-go/pkg/handler/handler.go:113.16,114.13 1 0
github.com/cacoco/smally-go/pkg/handler/handler.go:115.8,117.3 1 0
github.com/cacoco/smally-go/pkg/handler/handler.go:120.38,122.22 2 1
github.com/cacoco/smally-go/pkg/handler/handler.go:122.22,124.3 1 1
github.com/cacoco/smally-go/pkg/handler/handler.go:124.8,124.23 1 0
github.com/cacoco/smally-go/pkg/handler/handler.go:124.23,125.13 1 0
github.com/cacoco/smally-go/pkg/handler/handler.go:126.8,128.3 1 0
github.com/cacoco/smally-go/pkg/handler/handler.go:131.42,134.16 3 1
github.com/cacoco/smally-go/pkg/handler/handler.go:134.16,135.13 1 0
github.com/cacoco/smally-go/pkg/handler/handler.go:139.39,143.2 3 1
